<?xml version="1.0" encoding="UTF-8"?>
<!-- Generated by org.testng.reporters.JUnitReportReporter -->
<testsuite hostname="win7-PC" name="DdataProviderTest" tests="8" failures="0" timestamp="30 Oct 2014 07:47:13 GMT" time="0.015" errors="0">
  <testcase name="doTestNG1" time="0.001" classname="DdataProviderTest"/>
  <testcase name="doTestNG" time="0.001" classname="DdataProviderTest"/>
  <testcase name="doTestNG2" time="0.001" classname="DdataProviderTest"/>
  <testcase name="doTestNG" time="0.001" classname="DdataProviderTest"/>
  <testcase name="doTestNG2" time="0.001" classname="DdataProviderTest"/>
  <testcase name="doTestNG1" time="0.001" classname="DdataProviderTest"/>
  <testcase name="doTestNG" time="0.001" classname="DdataProviderTest"/>
  <testcase name="doTestNG" time="0.008" classname="DdataProviderTest"/>
</testsuite> <!-- DdataProviderTest -->
