<?xml version="1.0" encoding="UTF-8"?>
<!-- Generated by org.testng.reporters.JUnitReportReporter -->
<testsuite hostname="win7-PC" name="com.netease.demo.TestSimpleFlexApp" tests="1" failures="0" timestamp="30 Oct 2014 09:15:24 GMT" time="8.486" errors="0">
  <testcase name="doTest" time="8.486" classname="com.netease.demo.TestSimpleFlexApp"/>
</testsuite> <!-- com.netease.demo.TestSimpleFlexApp -->
