<?xml version="1.0" encoding="UTF-8"?>
<!-- Generated by org.testng.reporters.JUnitReportReporter -->
<testsuite hostname="win7-PC" name="com.netease.demo.TestNgClone" tests="2" failures="0" timestamp="30 Oct 2014 06:21:33 GMT" time="6.718" errors="0">
  <testcase name="doTest" time="2.034" classname="com.netease.demo.TestNgClone"/>
  <testcase name="doTest" time="4.684" classname="com.netease.demo.TestNgClone"/>
</testsuite> <!-- com.netease.demo.TestNgClone -->
