<?xml version="1.0" encoding="UTF-8"?>
<!-- Generated by org.testng.reporters.JUnitReportReporter -->
<testsuite hostname="win7-PC" name="com.netease.demo.GoogleSearchWithDataDriver" tests="2" failures="0" timestamp="30 Oct 2014 02:54:56 GMT" time="14.856" errors="0">
  <testcase name="search" time="8.270" classname="com.netease.demo.GoogleSearchWithDataDriver"/>
  <testcase name="search" time="6.586" classname="com.netease.demo.GoogleSearchWithDataDriver"/>
</testsuite> <!-- com.netease.demo.GoogleSearchWithDataDriver -->
