<?xml version="1.0" encoding="UTF-8"?>
<!-- Generated by org.testng.reporters.JUnitReportReporter -->
<testsuite hostname="win7-PC" name="com.netease.demo.TestNg" tests="2" failures="0" timestamp="30 Oct 2014 06:21:33 GMT" time="6.988" errors="0">
  <testcase name="doTest" time="4.993" classname="com.netease.demo.TestNg"/>
  <testcase name="doTest" time="1.995" classname="com.netease.demo.TestNg"/>
</testsuite> <!-- com.netease.demo.TestNg -->
