<?xml version="1.0" encoding="UTF-8"?>
<!-- Generated by org.testng.reporters.JUnitReportReporter -->
<testsuite hostname="win7-PC" name="com.netease.demo.BaiduSearchWithDataDriver" tests="2" failures="0" timestamp="30 Oct 2014 08:50:27 GMT" time="16.652" errors="0">
  <testcase name="search" time="5.049" classname="com.netease.demo.BaiduSearchWithDataDriver"/>
  <testcase name="search" time="11.603" classname="com.netease.demo.BaiduSearchWithDataDriver"/>
</testsuite> <!-- com.netease.demo.BaiduSearchWithDataDriver -->
